<?xml version="1.0" encoding="UTF-8"?>
<!-- Generated by org.testng.reporters.JUnitXMLReporter -->
<testsuite hostname="DESKTOP-HFP8OSQ" ignored="0" name="Default test" tests="3" failures="0" timestamp="2020-10-19T23:02:13 BDT" time="0.078" errors="0">
  <testcase name="sum" time="0.01" classname="com.TestNG.TestNGDemo"/>
  <testcase name="sub" time="0.001" classname="com.TestNG.TestNGDemo"/>
  <testcase name="demo" time="0.002" classname="com.TestNG.TestNGDemo"/>
</testsuite> <!-- Default test -->
