<?xml version="1.0" encoding="UTF-8"?>
<testng-results skipped="0" failed="0" ignored="0" total="3" passed="3">
  <reporter-output>
  </reporter-output>
  <suite name="Default suite" duration-ms="78" started-at="2020-10-19T23:02:13 BDT" finished-at="2020-10-19T23:02:13 BDT">
    <groups>
    </groups>
    <test name="Default test" duration-ms="78" started-at="2020-10-19T23:02:13 BDT" finished-at="2020-10-19T23:02:13 BDT">
      <class name="com.TestNG.TestNGDemo">
        <test-method status="PASS" signature="before()[pri:0, instance:com.TestNG.TestNGDemo@3043fe0e]" name="before" is-config="true" duration-ms="4" started-at="2020-10-19T23:02:13 BDT" finished-at="2020-10-19T23:02:13 BDT">
          <reporter-output>
          </reporter-output>
        </test-method> <!-- before -->
        <test-method status="PASS" signature="sum()[pri:-2, instance:com.TestNG.TestNGDemo@3043fe0e]" name="sum" duration-ms="10" started-at="2020-10-19T23:02:13 BDT" finished-at="2020-10-19T23:02:13 BDT">
          <reporter-output>
          </reporter-output>
        </test-method> <!-- sum -->
        <test-method status="PASS" signature="after()[pri:0, instance:com.TestNG.TestNGDemo@3043fe0e]" name="after" is-config="true" duration-ms="1" started-at="2020-10-19T23:02:13 BDT" finished-at="2020-10-19T23:02:13 BDT">
          <reporter-output>
          </reporter-output>
        </test-method> <!-- after -->
        <test-method status="PASS" signature="before()[pri:0, instance:com.TestNG.TestNGDemo@3043fe0e]" name="before" is-config="true" duration-ms="0" started-at="2020-10-19T23:02:13 BDT" finished-at="2020-10-19T23:02:13 BDT">
          <reporter-output>
          </reporter-output>
        </test-method> <!-- before -->
        <test-method status="PASS" signature="sub()[pri:-1, instance:com.TestNG.TestNGDemo@3043fe0e]" name="sub" duration-ms="1" started-at="2020-10-19T23:02:13 BDT" finished-at="2020-10-19T23:02:13 BDT">
          <reporter-output>
          </reporter-output>
        </test-method> <!-- sub -->
        <test-method status="PASS" signature="after()[pri:0, instance:com.TestNG.TestNGDemo@3043fe0e]" name="after" is-config="true" duration-ms="1" started-at="2020-10-19T23:02:13 BDT" finished-at="2020-10-19T23:02:13 BDT">
          <reporter-output>
          </reporter-output>
        </test-method> <!-- after -->
        <test-method status="PASS" signature="before()[pri:0, instance:com.TestNG.TestNGDemo@3043fe0e]" name="before" is-config="true" duration-ms="1" started-at="2020-10-19T23:02:13 BDT" finished-at="2020-10-19T23:02:13 BDT">
          <reporter-output>
          </reporter-output>
        </test-method> <!-- before -->
        <test-method status="PASS" signature="demo()[pri:0, instance:com.TestNG.TestNGDemo@3043fe0e]" name="demo" duration-ms="2" started-at="2020-10-19T23:02:13 BDT" finished-at="2020-10-19T23:02:13 BDT">
          <reporter-output>
          </reporter-output>
        </test-method> <!-- demo -->
        <test-method status="PASS" signature="after()[pri:0, instance:com.TestNG.TestNGDemo@3043fe0e]" name="after" is-config="true" duration-ms="1" started-at="2020-10-19T23:02:13 BDT" finished-at="2020-10-19T23:02:13 BDT">
          <reporter-output>
          </reporter-output>
        </test-method> <!-- after -->
        <test-method status="PASS" signature="mul()[pri:0, instance:com.TestNG.TestNGDemo@3043fe0e]" name="mul" is-config="true" duration-ms="1" started-at="2020-10-19T23:02:13 BDT" finished-at="2020-10-19T23:02:13 BDT">
          <reporter-output>
          </reporter-output>
        </test-method> <!-- mul -->
      </class> <!-- com.TestNG.TestNGDemo -->
    </test> <!-- Default test -->
  </suite> <!-- Default suite -->
</testng-results>
